# JRE version: Java(TM) SE Runtime Environment (21.0.9+7) (build 21.0.9+7-LTS-338)
# Java VM: Java HotSpot(TM) 64-Bit Server VM (21.0.9+7-LTS-338, mixed mode, sharing, tiered, compressed oops, compressed class ptrs, g1 gc, windows-amd64)
GC Precious Log:
 CardTable entry size: 512
 Card Set container configuration: InlinePtr #cards 5 size 8 Array Of Cards #cards 12 size 40 Howl #buckets 4 coarsen threshold 1843 Howl Bitmap #cards 512 size 80 coarsen threshold 460 Card regions per heap region 1 cards per card region 2048
 CPUs: 4 total, 4 available
 Memory: 4007M
 Large Page Support: Disabled
 NUMA Support: Disabled
 Compressed Oops: Enabled (32-bit)
 Heap Region Size: 1M
 Heap Min Capacity: 8M
 Heap Initial Capacity: 64M
 Heap Max Capacity: 1002M
 Pre-touch: Disabled
 Parallel Workers: 4
 Concurrent Workers: 1
 Concurrent Refinement Workers: 4
 Periodic GC: Disabled
Heap:
 garbage-first heap   total 65536K, used 50163K [0x00000000c1600000, 0x0000000100000000)
  region size 1024K, 21 young (21504K), 2 survivors (2048K)
 Metaspace       used 26573K, committed 26880K, reserved 1114112K
  class space    used 2930K, committed 3072K, reserved 1048576K
GC Heap History (20 events):
Event: 1.946 GC heap before
{Heap before GC invocations=1 (full 0):
 garbage-first heap   total 65536K, used 19744K [0x00000000c1600000, 0x0000000100000000)
  region size 1024K, 18 young (18432K), 2 survivors (2048K)
 Metaspace       used 5991K, committed 6144K, reserved 1114112K
  class space    used 691K, committed 768K, reserved 1048576K
}
Event: 1.955 GC heap after
{Heap after GC invocations=2 (full 0):
 garbage-first heap   total 65536K, used 4170K [0x00000000c1600000, 0x0000000100000000)
  region size 1024K, 1 young (1024K), 1 survivors (1024K)
 Metaspace       used 5991K, committed 6144K, reserved 1114112K
  class space    used 691K, committed 768K, reserved 1048576K
}
Event: 4.077 GC heap before
{Heap before GC invocations=2 (full 0):
 garbage-first heap   total 65536K, used 41034K [0x00000000c1600000, 0x0000000100000000)
  region size 1024K, 38 young (38912K), 1 survivors (1024K)
 Metaspace       used 11899K, committed 12096K, reserved 1114112K
  class space    used 1421K, committed 1536K, reserved 1048576K
}
Event: 4.088 GC heap after
{Heap after GC invocations=3 (full 0):
 garbage-first heap   total 65536K, used 6769K [0x00000000c1600000, 0x0000000100000000)
  region size 1024K, 4 young (4096K), 4 survivors (4096K)
 Metaspace       used 11899K, committed 12096K, reserved 1114112K
  class space    used 1421K, committed 1536K, reserved 1048576K
}
Event: 6.344 GC heap before
{Heap before GC invocations=3 (full 0):
 garbage-first heap   total 65536K, used 41585K [0x00000000c1600000, 0x0000000100000000)
  region size 1024K, 38 young (38912K), 4 survivors (4096K)
 Metaspace       used 15546K, committed 15744K, reserved 1114112K
  class space    used 1814K, committed 1920K, reserved 1048576K
}
Event: 6.368 GC heap after
{Heap after GC invocations=4 (full 0):
 garbage-first heap   total 65536K, used 10859K [0x00000000c1600000, 0x0000000100000000)
  region size 1024K, 5 young (5120K), 5 survivors (5120K)
 Metaspace       used 15546K, committed 15744K, reserved 1114112K
  class space    used 1814K, committed 1920K, reserved 1048576K
}
Event: 7.546 GC heap before
{Heap before GC invocations=4 (full 0):
 garbage-first heap   total 65536K, used 44651K [0x00000000c1600000, 0x0000000100000000)
  region size 1024K, 38 young (38912K), 5 survivors (5120K)
 Metaspace       used 15744K, committed 15936K, reserved 1114112K
  class space    used 1817K, committed 1920K, reserved 1048576K
}
Event: 7.586 GC heap after
{Heap after GC invocations=5 (full 0):
 garbage-first heap   total 65536K, used 19968K [0x00000000c1600000, 0x0000000100000000)
  region size 1024K, 5 young (5120K), 5 survivors (5120K)
 Metaspace       used 15744K, committed 15936K, reserved 1114112K
  class space    used 1817K, committed 1920K, reserved 1048576K
}
Event: 9.584 GC heap before
{Heap before GC invocations=5 (full 0):
 garbage-first heap   total 65536K, used 42496K [0x00000000c1600000, 0x0000000100000000)
  region size 1024K, 28 young (28672K), 5 survivors (5120K)
 Metaspace       used 21258K, committed 21504K, reserved 1114112K
  class space    used 2448K, committed 2560K, reserved 1048576K
}
Event: 9.608 GC heap after
{Heap after GC invocations=6 (full 0):
 garbage-first heap   total 65536K, used 24559K [0x00000000c1600000, 0x0000000100000000)
  region size 1024K, 4 young (4096K), 4 survivors (4096K)
 Metaspace       used 21258K, committed 21504K, reserved 1114112K
  class space    used 2448K, committed 2560K, reserved 1048576K
}
Event: 15.134 GC heap before
{Heap before GC invocations=7 (full 0):
 garbage-first heap   total 65536K, used 51183K [0x00000000c1600000, 0x0000000100000000)
  region size 1024K, 30 young (30720K), 4 survivors (4096K)
 Metaspace       used 24196K, committed 24512K, reserved 1114112K
  class space    used 2756K, committed 2880K, reserved 1048576K
}
Event: 15.157 GC heap after
{Heap after GC invocations=8 (full 0):
 garbage-first heap   total 65536K, used 30720K [0x00000000c1600000, 0x0000000100000000)
  region size 1024K, 4 young (4096K), 4 survivors (4096K)
 Metaspace       used 24196K, committed 24512K, reserved 1114112K
  class space    used 2756K, committed 2880K, reserved 1048576K
}
Event: 18.499 GC heap before
{Heap before GC invocations=8 (full 0):
 garbage-first heap   total 65536K, used 52224K [0x00000000c1600000, 0x0000000100000000)
  region size 1024K, 25 young (25600K), 4 survivors (4096K)
 Metaspace       used 24444K, committed 24704K, reserved 1114112K
  class space    used 2766K, committed 2880K, reserved 1048576K
}
Event: 18.517 GC heap after
{Heap after GC invocations=9 (full 0):
 garbage-first heap   total 65536K, used 33580K [0x00000000c1600000, 0x0000000100000000)
  region size 1024K, 4 young (4096K), 4 survivors (4096K)
 Metaspace       used 24444K, committed 24704K, reserved 1114112K
  class space    used 2766K, committed 2880K, reserved 1048576K
}
Event: 20.518 GC heap before
{Heap before GC invocations=9 (full 0):
 garbage-first heap   total 65536K, used 53036K [0x00000000c1600000, 0x0000000100000000)
  region size 1024K, 23 young (23552K), 4 survivors (4096K)
 Metaspace       used 24903K, committed 25152K, reserved 1114112K
  class space    used 2801K, committed 2880K, reserved 1048576K
}
Event: 20.533 GC heap after
{Heap after GC invocations=10 (full 0):
 garbage-first heap   total 65536K, used 35450K [0x00000000c1600000, 0x0000000100000000)
  region size 1024K, 2 young (2048K), 2 survivors (2048K)
 Metaspace       used 24903K, committed 25152K, reserved 1114112K
  class space    used 2801K, committed 2880K, reserved 1048576K
}
Event: 21.681 GC heap before
{Heap before GC invocations=11 (full 0):
 garbage-first heap   total 65536K, used 52858K [0x00000000c1600000, 0x0000000100000000)
  region size 1024K, 20 young (20480K), 2 survivors (2048K)
 Metaspace       used 25192K, committed 25472K, reserved 1114112K
  class space    used 2803K, committed 2944K, reserved 1048576K
}
Event: 21.688 GC heap after
{Heap after GC invocations=12 (full 0):
 garbage-first heap   total 65536K, used 35101K [0x00000000c1600000, 0x0000000100000000)
  region size 1024K, 3 young (3072K), 3 survivors (3072K)
 Metaspace       used 25192K, committed 25472K, reserved 1114112K
  class space    used 2803K, committed 2944K, reserved 1048576K
}
Event: 22.861 GC heap before
{Heap before GC invocations=12 (full 0):
 garbage-first heap   total 65536K, used 53533K [0x00000000c1600000, 0x0000000100000000)
  region size 1024K, 22 young (22528K), 3 survivors (3072K)
 Metaspace       used 25499K, committed 25792K, reserved 1114112K
  class space    used 2820K, committed 2944K, reserved 1048576K
}
Event: 22.872 GC heap after
{Heap after GC invocations=13 (full 0):
 garbage-first heap   total 65536K, used 31731K [0x00000000c1600000, 0x0000000100000000)
  region size 1024K, 2 young (2048K), 2 survivors (2048K)
 Metaspace       used 25499K, committed 25792K, reserved 1114112K
  class space    used 2820K, committed 2944K, reserved 1048576K
}

